<?xml version="1.0" encoding="utf-8"?><testsuites><testsuite errors="0" failures="0" hostname="MADHU-PC" name="pytest" skipped="0" tests="3" time="32.630" timestamp="2020-04-01T12:29:11.064385"><testcase classname="test_HomePage.TestHomePage" file="test_HomePage.py" line="12" name="test_formSubmission[getData0]" time="11.491"></testcase><testcase classname="test_HomePage.TestHomePage" file="test_HomePage.py" line="12" name="test_formSubmission[getData1]" time="1.712"></testcase><testcase classname="test_e2e.TestOne" file="test_e2e.py" line="15" name="test_e2e" time="18.231"></testcase></testsuite></testsuites>